M: 2012-03-13 11:53:47,560 ERROR pool-1-thread-1 CalculationThread:getAndProcessStatement:241 - Division by zero.
M: 2012-03-13 12:12:47,017 ERROR main CalculationThread:getAndProcessStatement:233 - Statement error.
M: 2012-03-13 15:20:56,480 ERROR main CalculationThread:getAndProcessStatement:233 - Statement error.
M: 2012-03-13 17:19:11,186 ERROR pool-1-thread-1 CalculationThread:getAndProcessStatement:254 - Error reading input stream.
M: 2012-03-13 17:21:51,195 ERROR pool-1-thread-1 CalculationThread:getAndProcessStatement:252 - Error reading input stream.
M: 2012-03-13 18:02:51,754 ERROR pool-1-thread-2 CalculationThread:getAndProcessStatement:252 - Error reading input stream.
M: 2012-03-19 09:58:50,152 ERROR main CalculationThread:getAndProcessStatement:233 - Statement error.
M: 2012-03-19 10:34:48,809 ERROR main CalculationThread:getAndProcessStatement:233 - Statement error.
M: 2012-03-19 15:32:30,060 ERROR main Main:main:157 - Unexpected exception
java.lang.NullPointerException
	at com.sysgears.calculatorserver.userInterface.ServerUserInterface.runServer(ServerUserInterface.java:131)
	at com.sysgears.calculatorserver.userInterface.ServerUserInterface.runUserInterface(ServerUserInterface.java:50)
	at com.sysgears.calculatorserver.service.Main.main(Main.java:63)
	at sun.reflect.NativeMethodAccessorImpl.invoke0(Native Method)
	at sun.reflect.NativeMethodAccessorImpl.invoke(NativeMethodAccessorImpl.java:39)
	at sun.reflect.DelegatingMethodAccessorImpl.invoke(DelegatingMethodAccessorImpl.java:25)
	at java.lang.reflect.Method.invoke(Method.java:597)
	at com.intellij.rt.execution.application.AppMain.main(AppMain.java:120)
M: 2012-03-22 09:28:38,236 ERROR main CalculationThread:getAndProcessStatement:239 - Statement error.
M: 2012-03-22 09:49:20,290 ERROR main CalculationThread:getAndProcessStatement:239 - Statement error.
M: 2013-02-08 20:26:09,838 ERROR main CalculationThread:getAndProcessStatement:239 - Statement error.
M: 2013-04-19 21:27:15,344 ERROR main CalculationThread:getAndProcessStatement:239 - Statement error.
M: 2013-04-19 21:53:51,416 ERROR main CalculationThread:getAndProcessStatement:239 - Statement error.
