M: 2012-03-13 11:53:47,551  INFO pool-1-thread-1 CalculationThread:getAndProcessStatement:211 - Statement is 5/0
M: 2012-03-13 11:53:47,560 ERROR pool-1-thread-1 CalculationThread:getAndProcessStatement:241 - Division by zero.
M: 2012-03-13 12:12:46,969  INFO main CalculationThread:getAndProcessStatement:211 - Statement is 2+2
M: 2012-03-13 12:12:47,005  INFO main CalculationThread:getAndProcessStatement:225 - Result is 4
M: 2012-03-13 12:12:47,016  INFO main CalculationThread:getAndProcessStatement:211 - Statement is foo
M: 2012-03-13 12:12:47,017 ERROR main CalculationThread:getAndProcessStatement:233 - Statement error.
M: 2012-03-13 12:12:47,065  INFO main CalculationThread:processStatement:138 - Statement is 2+2
M: 2012-03-13 12:12:47,068  INFO main CalculationThread:processStatement:145 - Result is 4
M: 2012-03-13 12:12:47,071  INFO main CalculationThread:processStatement:138 - Statement is foo
M: 2012-03-13 12:12:47,073  INFO main CalculationThread:processStatement:152 - Statement error.
M: 2012-03-13 15:20:56,468  INFO main CalculationThread:getAndProcessStatement:211 - Statement is 2+2
M: 2012-03-13 15:20:56,476  INFO main CalculationThread:getAndProcessStatement:225 - Result is 4
M: 2012-03-13 15:20:56,480  INFO main CalculationThread:getAndProcessStatement:211 - Statement is foo
M: 2012-03-13 15:20:56,480 ERROR main CalculationThread:getAndProcessStatement:233 - Statement error.
M: 2012-03-13 15:20:56,527  INFO main CalculationThread:processStatement:138 - Statement is 2+2
M: 2012-03-13 15:20:56,528  INFO main CalculationThread:processStatement:145 - Result is 4
M: 2012-03-13 15:20:56,529  INFO main CalculationThread:processStatement:138 - Statement is foo
M: 2012-03-13 15:20:56,530  INFO main CalculationThread:processStatement:152 - Statement error.
M: 2012-03-13 16:45:16,364  INFO pool-1-thread-1 CalculationThread:getAndProcessStatement:211 - Statement is 2+6
M: 2012-03-13 16:45:16,379  INFO pool-1-thread-1 CalculationThread:getAndProcessStatement:225 - Result is 8
M: 2012-03-13 16:48:06,828  INFO pool-1-thread-1 CalculationThread:getAndProcessStatement:211 - Statement is 5x8+0.2
M: 2012-03-13 16:48:06,849  INFO pool-1-thread-1 CalculationThread:getAndProcessStatement:225 - Result is 40.2
M: 2012-03-13 17:19:11,186 ERROR pool-1-thread-1 CalculationThread:getAndProcessStatement:254 - Error reading input stream.
M: 2012-03-13 17:21:51,195 ERROR pool-1-thread-1 CalculationThread:getAndProcessStatement:252 - Error reading input stream.
M: 2012-03-13 18:02:46,400  INFO pool-1-thread-1 CalculationThread:getAndProcessStatement:211 - Statement is 2+2
M: 2012-03-13 18:02:46,421  INFO pool-1-thread-1 CalculationThread:getAndProcessStatement:225 - Result is 4
M: 2012-03-13 18:02:51,754 ERROR pool-1-thread-2 CalculationThread:getAndProcessStatement:252 - Error reading input stream.
M: 2012-03-19 09:58:50,134  INFO main CalculationThread:getAndProcessStatement:211 - Statement is 2+2
M: 2012-03-19 09:58:50,142  INFO main CalculationThread:getAndProcessStatement:225 - Result is 4
M: 2012-03-19 09:58:50,150  INFO main CalculationThread:getAndProcessStatement:211 - Statement is foo
M: 2012-03-19 09:58:50,152 ERROR main CalculationThread:getAndProcessStatement:233 - Statement error.
M: 2012-03-19 09:58:50,163  INFO main CalculationThread:processStatement:138 - Statement is 2+2
M: 2012-03-19 09:58:50,163  INFO main CalculationThread:processStatement:145 - Result is 4
M: 2012-03-19 09:58:50,173  INFO main CalculationThread:processStatement:138 - Statement is foo
M: 2012-03-19 09:58:50,179  INFO main CalculationThread:processStatement:152 - Statement error.
M: 2012-03-19 10:34:48,794  INFO main CalculationThread:getAndProcessStatement:211 - Statement is 2+2
M: 2012-03-19 10:34:48,804  INFO main CalculationThread:getAndProcessStatement:225 - Result is 4
M: 2012-03-19 10:34:48,808  INFO main CalculationThread:getAndProcessStatement:211 - Statement is foo
M: 2012-03-19 10:34:48,809 ERROR main CalculationThread:getAndProcessStatement:233 - Statement error.
M: 2012-03-19 10:34:48,856  INFO main CalculationThread:processStatement:138 - Statement is 2+2
M: 2012-03-19 10:34:48,857  INFO main CalculationThread:processStatement:145 - Result is 4
M: 2012-03-19 10:34:48,859  INFO main CalculationThread:processStatement:138 - Statement is foo
M: 2012-03-19 10:34:48,859  INFO main CalculationThread:processStatement:152 - Statement error.
M: 2012-03-19 10:35:20,396  INFO pool-1-thread-1 CalculationThread:getAndProcessStatement:211 - Statement is 2+2
M: 2012-03-19 10:35:20,406  INFO pool-1-thread-1 CalculationThread:getAndProcessStatement:225 - Result is 4
M: 2012-03-19 10:36:44,448  INFO pool-1-thread-2 CalculationThread:getAndProcessStatement:211 - Statement is 2+2
M: 2012-03-19 10:36:44,449  INFO pool-1-thread-2 CalculationThread:getAndProcessStatement:225 - Result is 4
M: 2012-03-19 10:38:56,234  INFO pool-1-thread-1 CalculationThread:getAndProcessStatement:211 - Statement is 2+2
M: 2012-03-19 10:38:56,246  INFO pool-1-thread-1 CalculationThread:getAndProcessStatement:225 - Result is 4
M: 2012-03-19 15:32:20,595  INFO pool-1-thread-1 CalculationThread:processStatement:134 - Statement is 5/8
M: 2012-03-19 15:32:20,609  INFO pool-1-thread-1 CalculationThread:processStatement:143 - Result is 0.625
M: 2012-03-19 15:32:50,501  INFO pool-1-thread-1 CalculationThread:processStatement:134 - Statement is 2*5/10
M: 2012-03-19 15:32:50,511  INFO pool-1-thread-1 CalculationThread:processStatement:149 - Statement error.
M: 2012-03-19 15:33:01,967  INFO pool-1-thread-1 CalculationThread:processStatement:134 - Statement is 2*5/10
M: 2012-03-19 15:33:01,976  INFO pool-1-thread-1 CalculationThread:processStatement:149 - Statement error.
M: 2012-03-19 15:33:16,653  INFO pool-1-thread-1 CalculationThread:processStatement:134 - Statement is 2x5/10
M: 2012-03-19 15:33:16,673  INFO pool-1-thread-1 CalculationThread:processStatement:143 - Result is 1
M: 2012-03-19 15:33:29,991  INFO pool-1-thread-1 CalculationThread:processStatement:134 - Statement is 2x5/10
M: 2012-03-19 15:33:30,001  INFO pool-1-thread-1 CalculationThread:processStatement:143 - Result is 1
M: 2012-03-21 18:28:36,120  INFO main CalculationThread:getAndProcessStatement:212 - Statement is 2+2
M: 2012-03-21 18:28:36,131  INFO main CalculationThread:getAndProcessStatement:229 - Result is 4
M: 2012-03-21 18:28:36,136  INFO main CalculationThread:getAndProcessStatement:212 - Statement is foo
M: 2012-03-21 18:28:36,153  INFO main CalculationThread:processStatement:135 - Statement is 2+2
M: 2012-03-21 18:28:36,158  INFO main CalculationThread:processStatement:144 - Result is 4
M: 2012-03-21 18:28:36,160  INFO main CalculationThread:processStatement:135 - Statement is foo
M: 2012-03-22 09:08:48,214  INFO main CalculationThread:getAndProcessStatement:212 - Statement is 2+2
M: 2012-03-22 09:08:48,224  INFO main CalculationThread:getAndProcessStatement:229 - Result is 4
M: 2012-03-22 09:08:48,229  INFO main CalculationThread:getAndProcessStatement:212 - Statement is foo
M: 2012-03-22 09:08:48,245  INFO main CalculationThread:processStatement:135 - Statement is 2+2
M: 2012-03-22 09:08:48,250  INFO main CalculationThread:processStatement:144 - Result is 4
M: 2012-03-22 09:08:48,252  INFO main CalculationThread:processStatement:135 - Statement is foo
M: 2012-03-22 09:16:31,471  INFO main CalculationThread:getAndProcessStatement:212 - Statement is 2+2
M: 2012-03-22 09:16:31,480  INFO main CalculationThread:getAndProcessStatement:229 - Result is 4
M: 2012-03-22 09:16:31,484  INFO main CalculationThread:getAndProcessStatement:212 - Statement is foo
M: 2012-03-22 09:16:31,499  INFO main CalculationThread:processStatement:135 - Statement is 2+2
M: 2012-03-22 09:16:31,502  INFO main CalculationThread:processStatement:144 - Result is 4
M: 2012-03-22 09:16:31,503  INFO main CalculationThread:processStatement:135 - Statement is foo
M: 2012-03-22 09:17:07,533  INFO main CalculationThread:getAndProcessStatement:212 - Statement is 2+2
M: 2012-03-22 09:17:07,543  INFO main CalculationThread:getAndProcessStatement:229 - Result is 4
M: 2012-03-22 09:17:07,548  INFO main CalculationThread:getAndProcessStatement:212 - Statement is foo
M: 2012-03-22 09:17:07,559  INFO main CalculationThread:processStatement:135 - Statement is 2+2
M: 2012-03-22 09:17:07,565  INFO main CalculationThread:processStatement:144 - Result is 4
M: 2012-03-22 09:17:07,566  INFO main CalculationThread:processStatement:135 - Statement is foo
M: 2012-03-22 09:18:35,193  INFO main CalculationThread:getAndProcessStatement:212 - Statement is 2+2
M: 2012-03-22 09:18:35,203  INFO main CalculationThread:getAndProcessStatement:229 - Result is 4
M: 2012-03-22 09:18:35,207  INFO main CalculationThread:getAndProcessStatement:212 - Statement is foo
M: 2012-03-22 09:18:35,219  INFO main CalculationThread:processStatement:135 - Statement is 2+2
M: 2012-03-22 09:18:35,222  INFO main CalculationThread:processStatement:144 - Result is 4
M: 2012-03-22 09:18:35,224  INFO main CalculationThread:processStatement:135 - Statement is foo
M: 2012-03-22 09:19:46,147  INFO main CalculationThread:getAndProcessStatement:212 - Statement is 2+2
M: 2012-03-22 09:19:46,156  INFO main CalculationThread:getAndProcessStatement:229 - Result is 4
M: 2012-03-22 09:19:46,160  INFO main CalculationThread:getAndProcessStatement:212 - Statement is foo
M: 2012-03-22 09:19:46,170  INFO main CalculationThread:processStatement:135 - Statement is 2+2
M: 2012-03-22 09:19:46,175  INFO main CalculationThread:processStatement:144 - Result is 4
M: 2012-03-22 09:19:46,176  INFO main CalculationThread:processStatement:135 - Statement is foo
M: 2012-03-22 09:28:38,211  INFO main CalculationThread:getAndProcessStatement:212 - Statement is 2+2
M: 2012-03-22 09:28:38,232  INFO main CalculationThread:getAndProcessStatement:229 - Result is 4
M: 2012-03-22 09:28:38,235  INFO main CalculationThread:getAndProcessStatement:212 - Statement is foo
M: 2012-03-22 09:28:38,236 ERROR main CalculationThread:getAndProcessStatement:239 - Statement error.
M: 2012-03-22 09:28:38,256  INFO main CalculationThread:processStatement:135 - Statement is 2+2
M: 2012-03-22 09:28:38,260  INFO main CalculationThread:processStatement:144 - Result is 4
M: 2012-03-22 09:28:38,261  INFO main CalculationThread:processStatement:135 - Statement is foo
M: 2012-03-22 09:28:38,262  INFO main CalculationThread:processStatement:150 - Statement error.
M: 2012-03-22 09:49:20,274  INFO main CalculationThread:getAndProcessStatement:212 - Statement is 2+2
M: 2012-03-22 09:49:20,284  INFO main CalculationThread:getAndProcessStatement:229 - Result is 4
M: 2012-03-22 09:49:20,288  INFO main CalculationThread:getAndProcessStatement:212 - Statement is foo
M: 2012-03-22 09:49:20,290 ERROR main CalculationThread:getAndProcessStatement:239 - Statement error.
M: 2012-03-22 09:49:20,304  INFO main CalculationThread:processStatement:135 - Statement is 2+2
M: 2012-03-22 09:49:20,309  INFO main CalculationThread:processStatement:144 - Result is 4
M: 2012-03-22 09:49:20,311  INFO main CalculationThread:processStatement:135 - Statement is foo
M: 2012-03-22 09:49:20,314  INFO main CalculationThread:processStatement:150 - Statement error.
M: 2013-02-08 20:26:09,812  INFO main CalculationThread:getAndProcessStatement:212 - Statement is 2+2
M: 2013-02-08 20:26:09,827  INFO main CalculationThread:getAndProcessStatement:229 - Result is 4
M: 2013-02-08 20:26:09,837  INFO main CalculationThread:getAndProcessStatement:212 - Statement is foo
M: 2013-02-08 20:26:09,838 ERROR main CalculationThread:getAndProcessStatement:239 - Statement error.
M: 2013-02-08 20:26:09,852  INFO main CalculationThread:processStatement:135 - Statement is 2+2
M: 2013-02-08 20:26:09,854  INFO main CalculationThread:processStatement:144 - Result is 4
M: 2013-02-08 20:26:09,854  INFO main CalculationThread:processStatement:135 - Statement is foo
M: 2013-02-08 20:26:09,855  INFO main CalculationThread:processStatement:150 - Statement error.
M: 2013-04-19 21:27:15,335  INFO main CalculationThread:getAndProcessStatement:212 - Statement is 2+2
M: 2013-04-19 21:27:15,342  INFO main CalculationThread:getAndProcessStatement:229 - Result is 4
M: 2013-04-19 21:27:15,343  INFO main CalculationThread:getAndProcessStatement:212 - Statement is foo
M: 2013-04-19 21:27:15,344 ERROR main CalculationThread:getAndProcessStatement:239 - Statement error.
M: 2013-04-19 21:27:15,349  INFO main CalculationThread:processStatement:135 - Statement is 2+2
M: 2013-04-19 21:27:15,352  INFO main CalculationThread:processStatement:144 - Result is 4
M: 2013-04-19 21:27:15,352  INFO main CalculationThread:processStatement:135 - Statement is foo
M: 2013-04-19 21:27:15,353  INFO main CalculationThread:processStatement:150 - Statement error.
M: 2013-04-19 21:53:51,406  INFO main CalculationThread:getAndProcessStatement:212 - Statement is 2+2
M: 2013-04-19 21:53:51,414  INFO main CalculationThread:getAndProcessStatement:229 - Result is 4
M: 2013-04-19 21:53:51,415  INFO main CalculationThread:getAndProcessStatement:212 - Statement is foo
M: 2013-04-19 21:53:51,416 ERROR main CalculationThread:getAndProcessStatement:239 - Statement error.
M: 2013-04-19 21:53:51,421  INFO main CalculationThread:processStatement:135 - Statement is 2+2
M: 2013-04-19 21:53:51,423  INFO main CalculationThread:processStatement:144 - Result is 4
M: 2013-04-19 21:53:51,424  INFO main CalculationThread:processStatement:135 - Statement is foo
M: 2013-04-19 21:53:51,425  INFO main CalculationThread:processStatement:150 - Statement error.
